<?xml version="1.0" encoding="UTF-8"?>
<!-- Generated by org.testng.reporters.JUnitReportReporter -->
<testsuite name="testNg.TestNg1" tests="3" time="10.388" ignored="0" failures="0" timestamp="11 May 2018 08:05:57 GMT" skipped="0" hostname="CORE-PC" errors="0">
  <testcase name="login" time="4.085" classname="testNg.TestNg1"/>
  <testcase name="flightDetails" time="2.037" classname="testNg.TestNg1"/>
  <testcase name="login" time="4.266" classname="testNg.TestNg1"/>
</testsuite> <!-- testNg.TestNg1 -->
